2025-03-28 16:31:24,540 - ERROR - 请求失败 (尝试 1/3): HTTPSConnectionPool(host='image.huyajs.com', port=443): Read timed out. (read timeout=10)
2025-03-28 16:32:24,567 - ERROR - 请求失败 (尝试 1/3): HTTPSConnectionPool(host='image.huyajs.com', port=443): Read timed out. (read timeout=10)
2025-03-28 16:33:04,176 - ERROR - 请求失败 (尝试 1/3): HTTPSConnectionPool(host='image.huyajs.com', port=443): Read timed out. (read timeout=10)
2025-03-28 16:33:55,681 - ERROR - 请求失败 (尝试 1/3): HTTPSConnectionPool(host='image.huyajs.com', port=443): Read timed out. (read timeout=10)
2025-03-28 16:35:23,251 - ERROR - 请求失败 (尝试 1/3): HTTPSConnectionPool(host='image.huyajs.com', port=443): Read timed out.
2025-03-28 16:36:20,901 - ERROR - 请求失败 (尝试 1/3): HTTPSConnectionPool(host='image.huyajs.com', port=443): Read timed out. (read timeout=10)
2025-03-28 16:36:40,282 - ERROR - 请求失败 (尝试 1/3): HTTPSConnectionPool(host='image.huyajs.com', port=443): Read timed out. (read timeout=10)
2025-03-28 16:36:59,414 - ERROR - 请求失败 (尝试 1/3): HTTPSConnectionPool(host='image.huyajs.com', port=443): Read timed out. (read timeout=10)
2025-03-28 16:37:21,193 - ERROR - 请求失败 (尝试 1/3): HTTPSConnectionPool(host='image.huyajs.com', port=443): Read timed out. (read timeout=10)
2025-03-28 16:37:42,648 - ERROR - 请求失败 (尝试 1/3): HTTPSConnectionPool(host='image.huyajs.com', port=443): Read timed out.
2025-03-28 16:39:08,030 - ERROR - 请求失败 (尝试 1/3): HTTPSConnectionPool(host='image.huyajs.com', port=443): Read timed out.
2025-04-20 16:29:55,109 - ERROR - 请求失败 (尝试 1/3): HTTPSConnectionPool(host='huyazy.com', port=443): Max retries exceeded with url: /index.php/vod/detail/id/75671.html?ac=detail (Caused by ConnectTimeoutError(<urllib3.connection.HTTPSConnection object at 0x7fc5373460d0>, 'Connection to huyazy.com timed out. (connect timeout=10)'))
2025-04-20 16:30:10,123 - ERROR - 请求失败 (尝试 2/3): HTTPSConnectionPool(host='huyazy.com', port=443): Max retries exceeded with url: /index.php/vod/detail/id/75671.html?ac=detail (Caused by ConnectTimeoutError(<urllib3.connection.HTTPSConnection object at 0x7fc537347750>, 'Connection to huyazy.com timed out. (connect timeout=10)'))
2025-04-23 16:34:46,156 - ERROR - 请求失败 (尝试 1/3): HTTPSConnectionPool(host='huyazy.com', port=443): Read timed out. (read timeout=10)
2025-05-08 16:37:34,394 - ERROR - 请求失败 (尝试 1/3): HTTPSConnectionPool(host='huyazy.com', port=443): Max retries exceeded with url: /index.php/vod/detail/id/75803.html?ac=detail (Caused by ConnectTimeoutError(<urllib3.connection.HTTPSConnection object at 0x7fface876fd0>, 'Connection to huyazy.com timed out. (connect timeout=10)'))
2025-05-08 16:37:49,541 - ERROR - 请求失败 (尝试 2/3): HTTPSConnectionPool(host='huyazy.com', port=443): Read timed out. (read timeout=10)
2025-05-11 16:28:56,753 - ERROR - 请求失败 (尝试 1/3): HTTPSConnectionPool(host='huyazy.com', port=443): Read timed out. (read timeout=10)
2025-05-11 16:29:24,554 - ERROR - 请求失败 (尝试 1/3): HTTPSConnectionPool(host='huyazy.com', port=443): Read timed out. (read timeout=10)
2025-05-18 16:30:29,313 - ERROR - 请求失败 (尝试 1/3): HTTPSConnectionPool(host='image.huyajs.com', port=443): Read timed out. (read timeout=10)
2025-05-18 16:30:52,230 - ERROR - 请求失败 (尝试 1/3): HTTPSConnectionPool(host='image.huyajs.com', port=443): Read timed out. (read timeout=10)
2025-05-18 16:31:07,244 - ERROR - 请求失败 (尝试 2/3): HTTPSConnectionPool(host='image.huyajs.com', port=443): Max retries exceeded with url: /cover/d4e238509268feb6bacff616f13ab2d7.jpg (Caused by ConnectTimeoutError(<urllib3.connection.HTTPSConnection object at 0x7f55c70ce350>, 'Connection to image.huyajs.com timed out. (connect timeout=10)'))
2025-05-18 16:31:33,635 - ERROR - 请求失败 (尝试 1/3): HTTPSConnectionPool(host='image.huyajs.com', port=443): Max retries exceeded with url: /cover/b12301894a7e97052f5ca7f12cf56b64.jpg (Caused by ConnectTimeoutError(<urllib3.connection.HTTPSConnection object at 0x7f55c70ce490>, 'Connection to image.huyajs.com timed out. (connect timeout=10)'))
2025-05-18 16:32:55,832 - ERROR - 请求失败 (尝试 1/3): HTTPSConnectionPool(host='image.huyajs.com', port=443): Read timed out. (read timeout=10)
2025-05-18 16:33:15,887 - ERROR - 请求失败 (尝试 2/3): HTTPSConnectionPool(host='image.huyajs.com', port=443): Read timed out. (read timeout=10)
2025-05-18 16:34:51,475 - ERROR - 请求失败 (尝试 1/3): HTTPSConnectionPool(host='image.huyajs.com', port=443): Read timed out. (read timeout=10)
2025-05-18 16:35:17,408 - ERROR - 请求失败 (尝试 1/3): HTTPSConnectionPool(host='image.huyajs.com', port=443): Max retries exceeded with url: /cover/0555ec339825d0d6a2358bacd80075a1.jpg (Caused by ConnectTimeoutError(<urllib3.connection.HTTPSConnection object at 0x7f55c70cf890>, 'Connection to image.huyajs.com timed out. (connect timeout=10)'))
2025-05-18 16:37:02,193 - ERROR - 请求失败 (尝试 1/3): HTTPSConnectionPool(host='image.huyajs.com', port=443): Max retries exceeded with url: /cover/be27ac294701d4ef90eaa8be7e5eff65.jpg (Caused by ConnectTimeoutError(<urllib3.connection.HTTPSConnection object at 0x7f55c70ce350>, 'Connection to image.huyajs.com timed out. (connect timeout=10)'))
2025-05-18 16:37:39,940 - ERROR - 请求失败 (尝试 1/3): HTTPSConnectionPool(host='image.huyajs.com', port=443): Max retries exceeded with url: /cover/82dbf0e1f43223ffc175e63f2b2c3aa2.jpg (Caused by ConnectTimeoutError(<urllib3.connection.HTTPSConnection object at 0x7f55c70cefd0>, 'Connection to image.huyajs.com timed out. (connect timeout=10)'))
2025-05-18 16:37:54,949 - ERROR - 请求失败 (尝试 2/3): HTTPSConnectionPool(host='image.huyajs.com', port=443): Max retries exceeded with url: /cover/82dbf0e1f43223ffc175e63f2b2c3aa2.jpg (Caused by ConnectTimeoutError(<urllib3.connection.HTTPSConnection object at 0x7f55c70ce710>, 'Connection to image.huyajs.com timed out. (connect timeout=10)'))
2025-05-18 16:38:10,170 - ERROR - 请求失败 (尝试 3/3): HTTPSConnectionPool(host='image.huyajs.com', port=443): Max retries exceeded with url: /cover/82dbf0e1f43223ffc175e63f2b2c3aa2.jpg (Caused by ConnectTimeoutError(<urllib3.connection.HTTPSConnection object at 0x7f55c70ce490>, 'Connection to image.huyajs.com timed out. (connect timeout=10)'))
2025-05-18 16:38:10,170 - ERROR - 封面图片下载失败: 封面图片下载失败
2025-05-18 16:39:53,477 - ERROR - 请求失败 (尝试 1/3): HTTPSConnectionPool(host='huyazy.com', port=443): Read timed out. (read timeout=10)
2025-05-18 16:40:20,387 - ERROR - 请求失败 (尝试 1/3): HTTPSConnectionPool(host='image.huyajs.com', port=443): Read timed out.
2025-05-18 16:41:04,366 - ERROR - 请求失败 (尝试 1/3): HTTPSConnectionPool(host='image.huyajs.com', port=443): Read timed out.
2025-05-18 16:41:52,814 - ERROR - 请求失败 (尝试 1/3): HTTPSConnectionPool(host='huyazy.com', port=443): Read timed out. (read timeout=10)
2025-05-18 16:42:17,402 - ERROR - 请求失败 (尝试 1/3): HTTPSConnectionPool(host='huyazy.com', port=443): Max retries exceeded with url: /index.php/vod/detail/id/74315.html?ac=detail (Caused by ConnectTimeoutError(<urllib3.connection.HTTPSConnection object at 0x7f55c70cf9d0>, 'Connection to huyazy.com timed out. (connect timeout=10)'))
2025-05-18 16:42:47,326 - ERROR - 请求失败 (尝试 1/3): HTTPSConnectionPool(host='image.huyajs.com', port=443): Read timed out.
2025-06-12 16:38:12,979 - ERROR - 请求失败 (尝试 1/3): HTTPSConnectionPool(host='image.huyajs.com', port=443): Read timed out. (read timeout=10)
2025-06-15 16:31:37,778 - ERROR - 请求失败 (尝试 1/3): HTTPSConnectionPool(host='image.huyajs.com', port=443): Read timed out. (read timeout=10)
2025-06-15 16:35:47,030 - ERROR - 请求失败 (尝试 1/3): HTTPSConnectionPool(host='huyazy.com', port=443): Read timed out. (read timeout=10)
2025-06-18 16:38:40,578 - ERROR - 请求失败 (尝试 1/3): HTTPSConnectionPool(host='image.huyajs.com', port=443): Max retries exceeded with url: /cover/8c7de93e37eacfb6620c90be6c5c7e6c.jpg (Caused by ConnectTimeoutError(<urllib3.connection.HTTPSConnection object at 0x7f315b0a6710>, 'Connection to image.huyajs.com timed out. (connect timeout=10)'))
2025-06-18 16:39:20,779 - ERROR - 请求失败 (尝试 1/3): HTTPSConnectionPool(host='image.huyajs.com', port=443): Read timed out. (read timeout=10)
2025-06-26 16:38:40,850 - ERROR - 请求失败 (尝试 1/3): HTTPSConnectionPool(host='huyazy.com', port=443): Read timed out. (read timeout=10)
2025-06-26 16:38:56,108 - ERROR - 请求失败 (尝试 2/3): HTTPSConnectionPool(host='huyazy.com', port=443): Read timed out. (read timeout=10)
2025-06-26 16:39:11,373 - ERROR - 请求失败 (尝试 3/3): HTTPSConnectionPool(host='huyazy.com', port=443): Read timed out. (read timeout=10)
2025-06-26 16:39:11,373 - ERROR - 未找到 M3U8 链接: https://huyazy.com/index.php/vod/detail/id/77593.html?ac=detail
2025-06-26 16:39:24,016 - ERROR - 请求失败 (尝试 1/3): HTTPSConnectionPool(host='huyazy.com', port=443): Read timed out. (read timeout=10)
2025-06-27 16:35:41,036 - ERROR - 请求失败 (尝试 1/3): HTTPSConnectionPool(host='image.huyajs.com', port=443): Read timed out. (read timeout=10)
2025-06-29 16:37:10,945 - ERROR - 请求失败 (尝试 1/3): HTTPSConnectionPool(host='image.huyajs.com', port=443): Max retries exceeded with url: /cover/f131cf88305aca943f3052bab0c56ffe.jpg (Caused by ConnectTimeoutError(<urllib3.connection.HTTPSConnection object at 0x7fb9b16674d0>, 'Connection to image.huyajs.com timed out. (connect timeout=10)'))
2025-07-09 16:38:17,192 - ERROR - 请求失败 (尝试 1/3): HTTPSConnectionPool(host='image.huyajs.com', port=443): Read timed out. (read timeout=10)
2025-07-30 16:35:23,300 - ERROR - 请求失败 (尝试 1/3): 500 Server Error: Internal Server Error for url: https://huyazy.com/index.php/vod/detail/id/80494.html?ac=detail
2025-08-01 16:36:33,297 - ERROR - 请求失败 (尝试 1/3): HTTPSConnectionPool(host='huyazy.com', port=443): Read timed out. (read timeout=10)
2025-08-01 16:36:48,776 - ERROR - 请求失败 (尝试 2/3): HTTPSConnectionPool(host='huyazy.com', port=443): Max retries exceeded with url: /index.php/vod/detail/id/81657.html?ac=detail (Caused by ConnectTimeoutError(<urllib3.connection.HTTPSConnection object at 0x7ff6ce21e350>, 'Connection to huyazy.com timed out. (connect timeout=10)'))
2025-08-01 16:37:11,899 - ERROR - 请求失败 (尝试 1/3): HTTPSConnectionPool(host='huyazy.com', port=443): Read timed out. (read timeout=10)
2025-08-01 16:37:27,144 - ERROR - 请求失败 (尝试 2/3): HTTPSConnectionPool(host='huyazy.com', port=443): Max retries exceeded with url: /index.php/vod/detail/id/81230.html?ac=detail (Caused by ConnectTimeoutError(<urllib3.connection.HTTPSConnection object at 0x7ff6ce21e990>, 'Connection to huyazy.com timed out. (connect timeout=10)'))
2025-08-03 16:33:23,643 - ERROR - 请求失败 (尝试 1/3): HTTPSConnectionPool(host='image.huyajs.com', port=443): Read timed out. (read timeout=10)
2025-08-03 16:38:21,223 - ERROR - 请求失败 (尝试 1/3): HTTPSConnectionPool(host='huyazy.com', port=443): Max retries exceeded with url: /index.php/vod/detail/id/78199.html?ac=detail (Caused by ConnectTimeoutError(<urllib3.connection.HTTPSConnection object at 0x7f21c09ba350>, 'Connection to huyazy.com timed out. (connect timeout=10)'))
2025-08-03 16:40:59,384 - ERROR - 请求失败 (尝试 1/3): HTTPSConnectionPool(host='image.huyajs.com', port=443): Max retries exceeded with url: /cover/cb014c7d4a37d5f868a429643dbef298.jpg (Caused by ConnectTimeoutError(<urllib3.connection.HTTPSConnection object at 0x7f21c09ba850>, 'Connection to image.huyajs.com timed out. (connect timeout=10)'))
2025-08-10 16:33:01,241 - ERROR - 请求失败 (尝试 1/3): HTTPSConnectionPool(host='image.huyajs.com', port=443): Read timed out. (read timeout=10)
2025-08-10 16:34:16,611 - ERROR - 请求失败 (尝试 1/3): HTTPSConnectionPool(host='huyazy.com', port=443): Read timed out. (read timeout=10)
